<?xml version="1.0" encoding="UTF-8"?>
<testsuite xmlns:xsi="http://www.w3.org/2001/XMLSchema-instance" xsi:noNamespaceSchemaLocation="https://maven.apache.org/surefire/maven-surefire-plugin/xsd/surefire-test-report-3.0.xsd" version="3.0" name="StudentTest.AppTest" time="0.034" tests="12" errors="0" skipped="0" failures="0">
  <properties>
    <property name="java.specification.version" value="21"/>
    <property name="sun.cpu.isalist" value="amd64"/>
    <property name="sun.jnu.encoding" value="Cp1252"/>
    <property name="java.class.path" value="D:\Files\Git\SSVV\target\test-classes;D:\Files\Git\SSVV\target\classes;C:\Users\David\.m2\repository\org\junit\jupiter\junit-jupiter\5.10.2\junit-jupiter-5.10.2.jar;C:\Users\David\.m2\repository\org\junit\jupiter\junit-jupiter-api\5.10.2\junit-jupiter-api-5.10.2.jar;C:\Users\David\.m2\repository\org\opentest4j\opentest4j\1.3.0\opentest4j-1.3.0.jar;C:\Users\David\.m2\repository\org\junit\platform\junit-platform-commons\1.10.2\junit-platform-commons-1.10.2.jar;C:\Users\David\.m2\repository\org\apiguardian\apiguardian-api\1.1.2\apiguardian-api-1.1.2.jar;C:\Users\David\.m2\repository\org\junit\jupiter\junit-jupiter-params\5.10.2\junit-jupiter-params-5.10.2.jar;C:\Users\David\.m2\repository\org\junit\jupiter\junit-jupiter-engine\5.10.2\junit-jupiter-engine-5.10.2.jar;C:\Users\David\.m2\repository\org\junit\platform\junit-platform-engine\1.10.2\junit-platform-engine-1.10.2.jar;"/>
    <property name="java.vm.vendor" value="Oracle Corporation"/>
    <property name="sun.arch.data.model" value="64"/>
    <property name="user.variant" value=""/>
    <property name="java.vendor.url" value="https://java.oracle.com/"/>
    <property name="user.timezone" value="Europe/Bucharest"/>
    <property name="user.country.format" value="150"/>
    <property name="os.name" value="Windows 11"/>
    <property name="java.vm.specification.version" value="21"/>
    <property name="sun.java.launcher" value="SUN_STANDARD"/>
    <property name="user.country" value="US"/>
    <property name="sun.boot.library.path" value="C:\Users\David\.jdks\openjdk-21.0.2\bin"/>
    <property name="sun.java.command" value="C:\Users\David\AppData\Local\Temp\surefire12618068804603083043\surefirebooter-20240422175511724_3.jar C:\Users\David\AppData\Local\Temp\surefire12618068804603083043 2024-04-22T17-55-11_468-jvmRun1 surefire-20240422175511724_1tmp surefire_0-20240422175511724_2tmp"/>
    <property name="jdk.debug" value="release"/>
    <property name="surefire.test.class.path" value="D:\Files\Git\SSVV\target\test-classes;D:\Files\Git\SSVV\target\classes;C:\Users\David\.m2\repository\org\junit\jupiter\junit-jupiter\5.10.2\junit-jupiter-5.10.2.jar;C:\Users\David\.m2\repository\org\junit\jupiter\junit-jupiter-api\5.10.2\junit-jupiter-api-5.10.2.jar;C:\Users\David\.m2\repository\org\opentest4j\opentest4j\1.3.0\opentest4j-1.3.0.jar;C:\Users\David\.m2\repository\org\junit\platform\junit-platform-commons\1.10.2\junit-platform-commons-1.10.2.jar;C:\Users\David\.m2\repository\org\apiguardian\apiguardian-api\1.1.2\apiguardian-api-1.1.2.jar;C:\Users\David\.m2\repository\org\junit\jupiter\junit-jupiter-params\5.10.2\junit-jupiter-params-5.10.2.jar;C:\Users\David\.m2\repository\org\junit\jupiter\junit-jupiter-engine\5.10.2\junit-jupiter-engine-5.10.2.jar;C:\Users\David\.m2\repository\org\junit\platform\junit-platform-engine\1.10.2\junit-platform-engine-1.10.2.jar;"/>
    <property name="sun.cpu.endian" value="little"/>
    <property name="user.home" value="C:\Users\David"/>
    <property name="user.language" value="en"/>
    <property name="java.specification.vendor" value="Oracle Corporation"/>
    <property name="java.version.date" value="2024-01-16"/>
    <property name="java.home" value="C:\Users\David\.jdks\openjdk-21.0.2"/>
    <property name="file.separator" value="\"/>
    <property name="basedir" value="D:\Files\Git\SSVV"/>
    <property name="java.vm.compressedOopsMode" value="Zero based"/>
    <property name="line.separator" value="&#10;"/>
    <property name="java.vm.specification.vendor" value="Oracle Corporation"/>
    <property name="java.specification.name" value="Java Platform API Specification"/>
    <property name="surefire.real.class.path" value="C:\Users\David\AppData\Local\Temp\surefire12618068804603083043\surefirebooter-20240422175511724_3.jar"/>
    <property name="user.script" value=""/>
    <property name="sun.management.compiler" value="HotSpot 64-Bit Tiered Compilers"/>
    <property name="java.runtime.version" value="21.0.2+13-58"/>
    <property name="user.name" value="David"/>
    <property name="stdout.encoding" value="Cp1252"/>
    <property name="path.separator" value=";"/>
    <property name="os.version" value="10.0"/>
    <property name="java.runtime.name" value="OpenJDK Runtime Environment"/>
    <property name="file.encoding" value="UTF-8"/>
    <property name="java.vm.name" value="OpenJDK 64-Bit Server VM"/>
    <property name="localRepository" value="C:\Users\David\.m2\repository"/>
    <property name="java.vendor.url.bug" value="https://bugreport.java.com/bugreport/"/>
    <property name="java.io.tmpdir" value="C:\Users\David\AppData\Local\Temp\"/>
    <property name="idea.version" value="2023.3.5"/>
    <property name="java.version" value="21.0.2"/>
    <property name="user.dir" value="D:\Files\Git\SSVV"/>
    <property name="os.arch" value="amd64"/>
    <property name="java.vm.specification.name" value="Java Virtual Machine Specification"/>
    <property name="sun.os.patch.level" value=""/>
    <property name="native.encoding" value="Cp1252"/>
    <property name="java.library.path" value="C:\Users\David\.jdks\openjdk-21.0.2\bin;C:\Windows\Sun\Java\bin;C:\Windows\system32;C:\Windows;C:\Program Files (x86)\VMware\VMware Workstation\bin\;C:\Program Files\Microsoft MPI\Bin\;C:\Windows\system32;C:\Windows;C:\Windows\System32\Wbem;C:\Windows\System32\WindowsPowerShell\v1.0\;C:\Windows\System32\OpenSSH\;C:\Program Files\Microsoft SQL Server\150\Tools\Binn\;C:\Program Files\Microsoft SQL Server\Client SDK\ODBC\170\Tools\Binn\;C:\Program Files\dotnet\;C:\Program Files\Docker\Docker\resources\bin;C:\Program Files (x86)\Microsoft SQL Server\160\DTS\Binn\;C:\Program Files\Azure Data Studio\bin;C:\Program Files\Git\cmd;C:\Program Files\Amazon\AWSCLIV2\;C:\Program Files\nodejs\;C:\Program Files (x86)\Windows Kits\10\Windows Performance Toolkit\;C:\Program Files\PowerShell\7\;C:\Users\David\AppData\Local\Programs\Python\Python312\Scripts\;C:\Users\David\AppData\Local\Programs\Python\Python312\;D:\Software\flutter\bin;C:\Users\David\.cargo\bin;C:\Users\David\AppData\Local\Microsoft\WindowsApps;C:\Users\David\AppData\Local\Programs\Microsoft VS Code\bin;D:\Software\bin;C:\Users\David\AppData\Local\GitHubDesktop\bin;C:\Users\David\.dotnet\tools;C:\Program Files\Azure Data Studio\bin;C:\Users\David\AppData\Roaming\npm;C:\Qt\6.7.0\msvc2019_64\bin;;."/>
    <property name="java.vm.info" value="mixed mode, sharing"/>
    <property name="stderr.encoding" value="Cp1252"/>
    <property name="java.vendor" value="Oracle Corporation"/>
    <property name="java.vm.version" value="21.0.2+13-58"/>
    <property name="sun.io.unicode.encoding" value="UnicodeLittle"/>
    <property name="java.class.version" value="65.0"/>
  </properties>
  <testcase name="addStudent_WithGroupNumberTooHigh_ShouldFail" classname="StudentTest.AppTest" time="0.002">
    <system-out><![CDATA[Entitatea nu este valida: Grupa invalida! Grupa trebuie sa fie numar intreg intre 111 si 937.

]]></system-out>
  </testcase>
  <testcase name="addStudent_WithNonNumericId_ShouldFail" classname="StudentTest.AppTest" time="0.003">
    <system-out><![CDATA[Entitatea nu este valida: ID invalid! ID trebuie sa fie numar intreg!

]]></system-out>
  </testcase>
  <testcase name="addStudent_WithGroupNumberTooLow_ShouldFail" classname="StudentTest.AppTest" time="0.003">
    <system-out><![CDATA[Entitatea nu este valida: Grupa invalida! Grupa trebuie sa fie numar intreg intre 111 si 937.

]]></system-out>
  </testcase>
  <testcase name="addStudent_WithEmptyName_ShouldFail" classname="StudentTest.AppTest" time="0.002">
    <system-out><![CDATA[Entitatea nu este valida: Nume invalid! Nume nu poate fi nul sau vid!

]]></system-out>
  </testcase>
  <testcase name="addStudent_WithNegativeId_ShouldFail" classname="StudentTest.AppTest" time="0.003">
    <system-out><![CDATA[Entitatea nu este valida: ID invalid! ID trebuie sa fie numar intreg pozitiv!

]]></system-out>
  </testcase>
  <testcase name="testAddStudentIC1" classname="StudentTest.AppTest" time="0.001"/>
  <testcase name="testAddStudentIC2" classname="StudentTest.AppTest" time="0.001"/>
  <testcase name="addStudent_WithEmptyId_ShouldFail" classname="StudentTest.AppTest" time="0.001"/>
  <testcase name="addStudent_WithDuplicateId_ShouldFail" classname="StudentTest.AppTest" time="0.001"/>
  <testcase name="addStudent_WithNullId_ShouldFail" classname="StudentTest.AppTest" time="0.002"/>
  <testcase name="addStudent_WithValidData_ShouldAddSuccessfully" classname="StudentTest.AppTest" time="0.0"/>
  <testcase name="addStudent_WithNullName_ShouldFail" classname="StudentTest.AppTest" time="0.003">
    <system-out><![CDATA[Entitatea nu este valida: Nume invalid! Nume nu poate fi nul sau vid!

]]></system-out>
  </testcase>
</testsuite>